<?xml version="1.0" encoding="UTF-8"?>
<testng-results skipped="0" failed="0" total="1" passed="1">
  <reporter-output>
  </reporter-output>
  <suite name="Default suite" duration-ms="61" started-at="2020-08-05T03:37:40Z" finished-at="2020-08-05T03:37:40Z">
    <groups>
    </groups>
    <test name="Default test" duration-ms="61" started-at="2020-08-05T03:37:40Z" finished-at="2020-08-05T03:37:40Z">
      <class name="selinium.Demo89">
        <test-method status="PASS" signature="m1()[pri:0, instance:selinium.Demo89@4520ebad]" name="m1" duration-ms="16" started-at="2020-08-05T09:07:40Z" finished-at="2020-08-05T09:07:40Z">
          <reporter-output>
          </reporter-output>
        </test-method> <!-- m1 -->
      </class> <!-- selinium.Demo89 -->
    </test> <!-- Default test -->
  </suite> <!-- Default suite -->
</testng-results>
